#
# There is insufficient memory for the Java Runtime Environment to continue.
# Native memory allocation (malloc) failed to allocate 1048576 bytes for AllocateHeap
# Possible reasons:
#   The system is out of physical RAM or swap space
#   The process is running with CompressedOops enabled, and the Java Heap may be blocking the growth of the native heap
# Possible solutions:
#   Reduce memory load on the system
#   Increase physical memory or swap space
#   Check if swap backing store is full
#   Decrease Java heap size (-Xmx/-Xms)
#   Decrease number of Java threads
#   Decrease Java thread stack sizes (-Xss)
#   Set larger code cache with -XX:ReservedCodeCacheSize=
#   JVM is running with Unscaled Compressed Oops mode in which the Java heap is
#     placed in the first 4GB address space. The Java Heap base address is the
#     maximum limit for the native heap growth. Please use -XX:HeapBaseMinAddress
#     to set the Java Heap base and to place the Java Heap above 4GB virtual address.
# This output file may be truncated or incomplete.
#
#  Out of Memory Error (./open/src/hotspot/share/memory/allocation.cpp:44), pid=12400, tid=14008
#
# JRE version: OpenJDK Runtime Environment (15.0.1+9) (build 15.0.1+9-18)
# Java VM: OpenJDK 64-Bit Server VM (15.0.1+9-18, mixed mode, tiered, compressed oops, g1 gc, windows-amd64)
# No core dump will be written. Minidumps are not enabled by default on client versions of Windows
#

---------------  S U M M A R Y ------------

Command Line: -Dcom.sun.management.jmxremote -Dcom.sun.management.jmxremote.port=51457 -Dcom.sun.management.jmxremote.authenticate=false -Dcom.sun.management.jmxremote.ssl=false -Djava.rmi.server.hostname=localhost -Dspring.jmx.enabled=true -Dspring.application.admin.enabled=true -XX:TieredStopAtLevel=1 -Dspring.boot.project.name=Worker-service -Dfile.encoding=UTF-8 -XX:+ShowCodeDetailsInExceptionMessages com.tushaar.assignment.worker.WorkerServiceApplication --spring.output.ansi.enabled=always

Host: Intel(R) Core(TM) i5-10210U CPU @ 1.60GHz, 8 cores, 7G,  Windows 10 , 64 bit Build 18362 (10.0.18362.1350)
Time: Mon Mar  1 08:11:36 2021 India Standard Time elapsed time: 0.294762 seconds (0d 0h 0m 0s)

---------------  T H R E A D  ---------------

Current thread (0x0000022f54bc09e0):  VMThread "VM Thread" [stack: 0x0000009040900000,0x0000009040a00000] [id=14008]

Stack: [0x0000009040900000,0x0000009040a00000]
[error occurred during error reporting (printing stack bounds), id 0xc0000005, EXCEPTION_ACCESS_VIOLATION (0xc0000005) at pc=0x0000022f3dba10ad]

Native frames: (J=compiled Java code, j=interpreted, Vv=VM code, C=native code)
V  [jvm.dll+0x62ae9a]
V  [jvm.dll+0x781389]
V  [jvm.dll+0x782ae3]
V  [jvm.dll+0x7830a5]
V  [jvm.dll+0x78305b]
V  [jvm.dll+0x62a2b9]
V  [jvm.dll+0x62aa88]
C  [ntdll.dll+0xa1eef]
C  [ntdll.dll+0x6aad9]
C  [ntdll.dll+0xa0b5e]
C  0x0000022f3dba10ad

VM_Operation (0x0000009040dfd520): CollectForMetadataAllocation, mode: safepoint, requested by thread 0x0000022f54c29f90


---------------  P R O C E S S  ---------------

Threads class SMR info:
_java_thread_list=0x0000022f54dcfed0, length=10, elements={
0x0000022f381bd370, 0x0000022f54bf8130, 0x0000022f54c00b60, 0x0000022f54c276c0,
0x0000022f54c29f90, 0x0000022f54c2a850, 0x0000022f54c2ca60, 0x0000022f54be4380,
0x0000022f5434fd70, 0x0000022f54ddd680
}

Java Threads: ( => current thread )
  0x0000022f381bd370 JavaThread "main" [_thread_blocked, id=2132, stack(0x0000009040300000,0x0000009040400000)]
  0x0000022f54bf8130 JavaThread "Reference Handler" daemon [_thread_blocked, id=16424, stack(0x0000009040a00000,0x0000009040b00000)]
  0x0000022f54c00b60 JavaThread "Finalizer" daemon [_thread_blocked, id=10020, stack(0x0000009040b00000,0x0000009040c00000)]
  0x0000022f54c276c0 JavaThread "Signal Dispatcher" daemon [_thread_blocked, id=3536, stack(0x0000009040c00000,0x0000009040d00000)]
  0x0000022f54c29f90 JavaThread "Attach Listener" daemon [_thread_blocked, id=11448, stack(0x0000009040d00000,0x0000009040e00000)]
  0x0000022f54c2a850 JavaThread "Service Thread" daemon [_thread_blocked, id=5756, stack(0x0000009040e00000,0x0000009040f00000)]
  0x0000022f54c2ca60 JavaThread "C1 CompilerThread0" daemon [_thread_blocked, id=4900, stack(0x0000009040f00000,0x0000009041000000)]
  0x0000022f54be4380 JavaThread "Sweeper thread" daemon [_thread_blocked, id=11024, stack(0x0000009041000000,0x0000009041100000)]
  0x0000022f5434fd70 JavaThread "Common-Cleaner" daemon [_thread_blocked, id=12932, stack(0x0000009041100000,0x0000009041200000)]
  0x0000022f54ddd680 JavaThread "Notification Thread" daemon [_thread_blocked, id=17012, stack(0x0000009041200000,0x0000009041300000)]

Other Threads:
=>0x0000022f54bc09e0 VMThread "VM Thread" [stack: 0x0000009040900000,0x0000009040a00000] [id=14008]
  0x0000022f3a1ea780 GCTaskThread "GC Thread#0" [stack: 0x0000009040400000,0x0000009040500000] [id=10272]
  0x0000022f5549a070 GCTaskThread "GC Thread#1" [stack: 0x0000009041300000,0x0000009041400000] [id=5116]
  0x0000022f5549b060 GCTaskThread "GC Thread#2" [stack: 0x0000009041400000,0x0000009041500000] [id=14060]
  0x0000022f3a1fbac0 ConcurrentGCThread "G1 Main Marker" [stack: 0x0000009040500000,0x0000009040600000] [id=15896]
  0x0000022f3a1fc640 ConcurrentGCThread "G1 Conc#0" [stack: 0x0000009040600000,0x0000009040700000] [id=11752]
  0x0000022f5549b390 ConcurrentGCThread "G1 Conc#1" [stack: 0x0000009041500000,0x0000009041600000] [id=11108]
  0x0000022f541e24c0 ConcurrentGCThread "G1 Refine#0" [stack: 0x0000009040700000,0x0000009040800000] [id=12744]
  0x0000022f541e2ed0 ConcurrentGCThread "G1 Young RemSet Sampling" [stack: 0x0000009040800000,0x0000009040900000] [id=11980]

Threads with active compile tasks:

VM state: at safepoint (normal execution)

VM Mutex/Monitor currently owned by a thread:  ([mutex/lock_event])
[0x0000022f3a1ac900] Threads_lock - owner thread: 0x0000022f54bc09e0
[0x0000022f3a1acd80] Heap_lock - owner thread: 0x0000022f54c29f90

Heap address: 0x0000000083200000, size: 1998 MB, Compressed Oops mode: 32-bit
CDS disabled.
Compressed class space mapped at: 0x0000000100000000-0x0000000140000000, size: 1073741824
Narrow klass base: 0x0000000000000000, Narrow klass shift: 3, Narrow klass range: 0x140000000

GC Precious Log:
 CPUs: 8 total, 8 available
 Memory: 7990M
 Large Page Support: Disabled
 NUMA Support: Disabled
 Compressed Oops: Enabled (32-bit)
 Heap Region Size: 1M
 Heap Min Capacity: 8M
 Heap Initial Capacity: 126M
 Heap Max Capacity: 1998M
 Pre-touch: Disabled
 Parallel Workers: 8
 Concurrent Workers: 2
 Concurrent Refinement Workers: 8
 Periodic GC: Disabled

Heap:
 garbage-first heap   total 129024K, used 5167K [0x0000000083200000, 0x0000000100000000)
  region size 1024K, 3 young (3072K), 3 survivors (3072K)
 Metaspace       used 7523K, capacity 7546K, committed 7680K, reserved 1064960K
  class space    used 671K, capacity 686K, committed 768K, reserved 1048576K

Heap Regions: E=young(eden), S=young(survivor), O=old, HS=humongous(starts), HC=humongous(continues), CS=collection set, F=free, OA=open archive, CA=closed archive, TAMS=top-at-mark-start (previous, next)
|   0|0x0000000083200000, 0x0000000083300000, 0x0000000083300000|100%| O|  |TAMS 0x0000000083200000, 0x0000000083200000| Untracked 
|   1|0x0000000083300000, 0x0000000083400000, 0x0000000083400000|100%| O|  |TAMS 0x0000000083300000, 0x0000000083300000| Untracked 
|   2|0x0000000083400000, 0x000000008340be00, 0x0000000083500000|  4%| O|  |TAMS 0x0000000083400000, 0x0000000083400000| Untracked 
|   3|0x0000000083500000, 0x0000000083500000, 0x0000000083600000|  0%| F|  |TAMS 0x0000000083500000, 0x0000000083500000| Untracked 
|   4|0x0000000083600000, 0x0000000083600000, 0x0000000083700000|  0%| F|  |TAMS 0x0000000083600000, 0x0000000083600000| Untracked 
|   5|0x0000000083700000, 0x0000000083700000, 0x0000000083800000|  0%| F|  |TAMS 0x0000000083700000, 0x0000000083700000| Untracked 
|   6|0x0000000083800000, 0x0000000083800000, 0x0000000083900000|  0%| F|  |TAMS 0x0000000083800000, 0x0000000083800000| Untracked 
|   7|0x0000000083900000, 0x0000000083900000, 0x0000000083a00000|  0%| F|  |TAMS 0x0000000083900000, 0x0000000083900000| Untracked 
|   8|0x0000000083a00000, 0x0000000083a00000, 0x0000000083b00000|  0%| F|  |TAMS 0x0000000083a00000, 0x0000000083a00000| Untracked 
|   9|0x0000000083b00000, 0x0000000083b00000, 0x0000000083c00000|  0%| F|  |TAMS 0x0000000083b00000, 0x0000000083b00000| Untracked 
|  10|0x0000000083c00000, 0x0000000083c00000, 0x0000000083d00000|  0%| F|  |TAMS 0x0000000083c00000, 0x0000000083c00000| Untracked 
|  11|0x0000000083d00000, 0x0000000083d00000, 0x0000000083e00000|  0%| F|  |TAMS 0x0000000083d00000, 0x0000000083d00000| Untracked 
|  12|0x0000000083e00000, 0x0000000083e00000, 0x0000000083f00000|  0%| F|  |TAMS 0x0000000083e00000, 0x0000000083e00000| Untracked 
|  13|0x0000000083f00000, 0x0000000083f00000, 0x0000000084000000|  0%| F|  |TAMS 0x0000000083f00000, 0x0000000083f00000| Untracked 
|  14|0x0000000084000000, 0x0000000084000000, 0x0000000084100000|  0%| F|  |TAMS 0x0000000084000000, 0x0000000084000000| Untracked 
|  15|0x0000000084100000, 0x0000000084100000, 0x0000000084200000|  0%| F|  |TAMS 0x0000000084100000, 0x0000000084100000| Untracked 
|  16|0x0000000084200000, 0x0000000084200000, 0x0000000084300000|  0%| F|  |TAMS 0x0000000084200000, 0x0000000084200000| Untracked 
|  17|0x0000000084300000, 0x0000000084300000, 0x0000000084400000|  0%| F|  |TAMS 0x0000000084300000, 0x0000000084300000| Untracked 
|  18|0x0000000084400000, 0x0000000084400000, 0x0000000084500000|  0%| F|  |TAMS 0x0000000084400000, 0x0000000084400000| Untracked 
|  19|0x0000000084500000, 0x0000000084500000, 0x0000000084600000|  0%| F|  |TAMS 0x0000000084500000, 0x0000000084500000| Untracked 
|  20|0x0000000084600000, 0x0000000084600000, 0x0000000084700000|  0%| F|  |TAMS 0x0000000084600000, 0x0000000084600000| Untracked 
|  21|0x0000000084700000, 0x0000000084700000, 0x0000000084800000|  0%| F|  |TAMS 0x0000000084700000, 0x0000000084700000| Untracked 
|  22|0x0000000084800000, 0x0000000084800000, 0x0000000084900000|  0%| F|  |TAMS 0x0000000084800000, 0x0000000084800000| Untracked 
|  23|0x0000000084900000, 0x0000000084900000, 0x0000000084a00000|  0%| F|  |TAMS 0x0000000084900000, 0x0000000084900000| Untracked 
|  24|0x0000000084a00000, 0x0000000084a00000, 0x0000000084b00000|  0%| F|  |TAMS 0x0000000084a00000, 0x0000000084a00000| Untracked 
|  25|0x0000000084b00000, 0x0000000084b00000, 0x0000000084c00000|  0%| F|  |TAMS 0x0000000084b00000, 0x0000000084b00000| Untracked 
|  26|0x0000000084c00000, 0x0000000084c00000, 0x0000000084d00000|  0%| F|  |TAMS 0x0000000084c00000, 0x0000000084c00000| Untracked 
|  27|0x0000000084d00000, 0x0000000084d00000, 0x0000000084e00000|  0%| F|  |TAMS 0x0000000084d00000, 0x0000000084d00000| Untracked 
|  28|0x0000000084e00000, 0x0000000084e00000, 0x0000000084f00000|  0%| F|  |TAMS 0x0000000084e00000, 0x0000000084e00000| Untracked 
|  29|0x0000000084f00000, 0x0000000084f00000, 0x0000000085000000|  0%| F|  |TAMS 0x0000000084f00000, 0x0000000084f00000| Untracked 
|  30|0x0000000085000000, 0x0000000085000000, 0x0000000085100000|  0%| F|  |TAMS 0x0000000085000000, 0x0000000085000000| Untracked 
|  31|0x0000000085100000, 0x0000000085100000, 0x0000000085200000|  0%| F|  |TAMS 0x0000000085100000, 0x0000000085100000| Untracked 
|  32|0x0000000085200000, 0x0000000085200000, 0x0000000085300000|  0%| F|  |TAMS 0x0000000085200000, 0x0000000085200000| Untracked 
|  33|0x0000000085300000, 0x0000000085300000, 0x0000000085400000|  0%| F|  |TAMS 0x0000000085300000, 0x0000000085300000| Untracked 
|  34|0x0000000085400000, 0x0000000085400000, 0x0000000085500000|  0%| F|  |TAMS 0x0000000085400000, 0x0000000085400000| Untracked 
|  35|0x0000000085500000, 0x0000000085500000, 0x0000000085600000|  0%| F|  |TAMS 0x0000000085500000, 0x0000000085500000| Untracked 
|  36|0x0000000085600000, 0x0000000085600000, 0x0000000085700000|  0%| F|  |TAMS 0x0000000085600000, 0x0000000085600000| Untracked 
|  37|0x0000000085700000, 0x0000000085700000, 0x0000000085800000|  0%| F|  |TAMS 0x0000000085700000, 0x0000000085700000| Untracked 
|  38|0x0000000085800000, 0x0000000085800000, 0x0000000085900000|  0%| F|  |TAMS 0x0000000085800000, 0x0000000085800000| Untracked 
|  39|0x0000000085900000, 0x0000000085900000, 0x0000000085a00000|  0%| F|  |TAMS 0x0000000085900000, 0x0000000085900000| Untracked 
|  40|0x0000000085a00000, 0x0000000085a00000, 0x0000000085b00000|  0%| F|  |TAMS 0x0000000085a00000, 0x0000000085a00000| Untracked 
|  41|0x0000000085b00000, 0x0000000085b00000, 0x0000000085c00000|  0%| F|  |TAMS 0x0000000085b00000, 0x0000000085b00000| Untracked 
|  42|0x0000000085c00000, 0x0000000085c00000, 0x0000000085d00000|  0%| F|  |TAMS 0x0000000085c00000, 0x0000000085c00000| Untracked 
|  43|0x0000000085d00000, 0x0000000085d00000, 0x0000000085e00000|  0%| F|  |TAMS 0x0000000085d00000, 0x0000000085d00000| Untracked 
|  44|0x0000000085e00000, 0x0000000085e00000, 0x0000000085f00000|  0%| F|  |TAMS 0x0000000085e00000, 0x0000000085e00000| Untracked 
|  45|0x0000000085f00000, 0x0000000085f00000, 0x0000000086000000|  0%| F|  |TAMS 0x0000000085f00000, 0x0000000085f00000| Untracked 
|  46|0x0000000086000000, 0x0000000086000000, 0x0000000086100000|  0%| F|  |TAMS 0x0000000086000000, 0x0000000086000000| Untracked 
|  47|0x0000000086100000, 0x0000000086100000, 0x0000000086200000|  0%| F|  |TAMS 0x0000000086100000, 0x0000000086100000| Untracked 
|  48|0x0000000086200000, 0x0000000086200000, 0x0000000086300000|  0%| F|  |TAMS 0x0000000086200000, 0x0000000086200000| Untracked 
|  49|0x0000000086300000, 0x0000000086300000, 0x0000000086400000|  0%| F|  |TAMS 0x0000000086300000, 0x0000000086300000| Untracked 
|  50|0x0000000086400000, 0x0000000086400000, 0x0000000086500000|  0%| F|  |TAMS 0x0000000086400000, 0x0000000086400000| Untracked 
|  51|0x0000000086500000, 0x0000000086500000, 0x0000000086600000|  0%| F|  |TAMS 0x0000000086500000, 0x0000000086500000| Untracked 
|  52|0x0000000086600000, 0x0000000086600000, 0x0000000086700000|  0%| F|  |TAMS 0x0000000086600000, 0x0000000086600000| Untracked 
|  53|0x0000000086700000, 0x0000000086700000, 0x0000000086800000|  0%| F|  |TAMS 0x0000000086700000, 0x0000000086700000| Untracked 
|  54|0x0000000086800000, 0x0000000086800000, 0x0000000086900000|  0%| F|  |TAMS 0x0000000086800000, 0x0000000086800000| Untracked 
|  55|0x0000000086900000, 0x0000000086900000, 0x0000000086a00000|  0%| F|  |TAMS 0x0000000086900000, 0x0000000086900000| Untracked 
|  56|0x0000000086a00000, 0x0000000086a00000, 0x0000000086b00000|  0%| F|  |TAMS 0x0000000086a00000, 0x0000000086a00000| Untracked 
|  57|0x0000000086b00000, 0x0000000086b00000, 0x0000000086c00000|  0%| F|  |TAMS 0x0000000086b00000, 0x0000000086b00000| Untracked 
|  58|0x0000000086c00000, 0x0000000086c00000, 0x0000000086d00000|  0%| F|  |TAMS 0x0000000086c00000, 0x0000000086c00000| Untracked 
|  59|0x0000000086d00000, 0x0000000086d00000, 0x0000000086e00000|  0%| F|  |TAMS 0x0000000086d00000, 0x0000000086d00000| Untracked 
|  60|0x0000000086e00000, 0x0000000086e00000, 0x0000000086f00000|  0%| F|  |TAMS 0x0000000086e00000, 0x0000000086e00000| Untracked 
|  61|0x0000000086f00000, 0x0000000086f00000, 0x0000000087000000|  0%| F|  |TAMS 0x0000000086f00000, 0x0000000086f00000| Untracked 
|  62|0x0000000087000000, 0x0000000087000000, 0x0000000087100000|  0%| F|  |TAMS 0x0000000087000000, 0x0000000087000000| Untracked 
|  63|0x0000000087100000, 0x0000000087100000, 0x0000000087200000|  0%| F|  |TAMS 0x0000000087100000, 0x0000000087100000| Untracked 
|  64|0x0000000087200000, 0x0000000087200000, 0x0000000087300000|  0%| F|  |TAMS 0x0000000087200000, 0x0000000087200000| Untracked 
|  65|0x0000000087300000, 0x0000000087300000, 0x0000000087400000|  0%| F|  |TAMS 0x0000000087300000, 0x0000000087300000| Untracked 
|  66|0x0000000087400000, 0x0000000087400000, 0x0000000087500000|  0%| F|  |TAMS 0x0000000087400000, 0x0000000087400000| Untracked 
|  67|0x0000000087500000, 0x0000000087500000, 0x0000000087600000|  0%| F|  |TAMS 0x0000000087500000, 0x0000000087500000| Untracked 
|  68|0x0000000087600000, 0x0000000087600000, 0x0000000087700000|  0%| F|  |TAMS 0x0000000087600000, 0x0000000087600000| Untracked 
|  69|0x0000000087700000, 0x0000000087700000, 0x0000000087800000|  0%| F|  |TAMS 0x0000000087700000, 0x0000000087700000| Untracked 
|  70|0x0000000087800000, 0x0000000087800000, 0x0000000087900000|  0%| F|  |TAMS 0x0000000087800000, 0x0000000087800000| Untracked 
|  71|0x0000000087900000, 0x0000000087900000, 0x0000000087a00000|  0%| F|  |TAMS 0x0000000087900000, 0x0000000087900000| Untracked 
|  72|0x0000000087a00000, 0x0000000087a00000, 0x0000000087b00000|  0%| F|  |TAMS 0x0000000087a00000, 0x0000000087a00000| Untracked 
|  73|0x0000000087b00000, 0x0000000087b00000, 0x0000000087c00000|  0%| F|  |TAMS 0x0000000087b00000, 0x0000000087b00000| Untracked 
|  74|0x0000000087c00000, 0x0000000087c00000, 0x0000000087d00000|  0%| F|  |TAMS 0x0000000087c00000, 0x0000000087c00000| Untracked 
|  75|0x0000000087d00000, 0x0000000087d00000, 0x0000000087e00000|  0%| F|  |TAMS 0x0000000087d00000, 0x0000000087d00000| Untracked 
|  76|0x0000000087e00000, 0x0000000087e00000, 0x0000000087f00000|  0%| F|  |TAMS 0x0000000087e00000, 0x0000000087e00000| Untracked 
|  77|0x0000000087f00000, 0x0000000087f00000, 0x0000000088000000|  0%| F|  |TAMS 0x0000000087f00000, 0x0000000087f00000| Untracked 
|  78|0x0000000088000000, 0x0000000088000000, 0x0000000088100000|  0%| F|  |TAMS 0x0000000088000000, 0x0000000088000000| Untracked 
|  79|0x0000000088100000, 0x0000000088100000, 0x0000000088200000|  0%| F|  |TAMS 0x0000000088100000, 0x0000000088100000| Untracked 
|  80|0x0000000088200000, 0x0000000088200000, 0x0000000088300000|  0%| F|  |TAMS 0x0000000088200000, 0x0000000088200000| Untracked 
|  81|0x0000000088300000, 0x0000000088300000, 0x0000000088400000|  0%| F|  |TAMS 0x0000000088300000, 0x0000000088300000| Untracked 
|  82|0x0000000088400000, 0x0000000088400000, 0x0000000088500000|  0%| F|  |TAMS 0x0000000088400000, 0x0000000088400000| Untracked 
|  83|0x0000000088500000, 0x0000000088500000, 0x0000000088600000|  0%| F|  |TAMS 0x0000000088500000, 0x0000000088500000| Untracked 
|  84|0x0000000088600000, 0x0000000088600000, 0x0000000088700000|  0%| F|  |TAMS 0x0000000088600000, 0x0000000088600000| Untracked 
|  85|0x0000000088700000, 0x0000000088700000, 0x0000000088800000|  0%| F|  |TAMS 0x0000000088700000, 0x0000000088700000| Untracked 
|  86|0x0000000088800000, 0x0000000088800000, 0x0000000088900000|  0%| F|  |TAMS 0x0000000088800000, 0x0000000088800000| Untracked 
|  87|0x0000000088900000, 0x0000000088900000, 0x0000000088a00000|  0%| F|  |TAMS 0x0000000088900000, 0x0000000088900000| Untracked 
|  88|0x0000000088a00000, 0x0000000088a00000, 0x0000000088b00000|  0%| F|  |TAMS 0x0000000088a00000, 0x0000000088a00000| Untracked 
|  89|0x0000000088b00000, 0x0000000088b00000, 0x0000000088c00000|  0%| F|  |TAMS 0x0000000088b00000, 0x0000000088b00000| Untracked 
|  90|0x0000000088c00000, 0x0000000088c00000, 0x0000000088d00000|  0%| F|  |TAMS 0x0000000088c00000, 0x0000000088c00000| Untracked 
|  91|0x0000000088d00000, 0x0000000088d00000, 0x0000000088e00000|  0%| F|  |TAMS 0x0000000088d00000, 0x0000000088d00000| Untracked 
|  92|0x0000000088e00000, 0x0000000088e00000, 0x0000000088f00000|  0%| F|  |TAMS 0x0000000088e00000, 0x0000000088e00000| Untracked 
|  93|0x0000000088f00000, 0x0000000088f00000, 0x0000000089000000|  0%| F|  |TAMS 0x0000000088f00000, 0x0000000088f00000| Untracked 
|  94|0x0000000089000000, 0x0000000089000000, 0x0000000089100000|  0%| F|  |TAMS 0x0000000089000000, 0x0000000089000000| Untracked 
|  95|0x0000000089100000, 0x0000000089100000, 0x0000000089200000|  0%| F|  |TAMS 0x0000000089100000, 0x0000000089100000| Untracked 
|  96|0x0000000089200000, 0x0000000089200000, 0x0000000089300000|  0%| F|  |TAMS 0x0000000089200000, 0x0000000089200000| Untracked 
|  97|0x0000000089300000, 0x0000000089300000, 0x0000000089400000|  0%| F|  |TAMS 0x0000000089300000, 0x0000000089300000| Untracked 
|  98|0x0000000089400000, 0x0000000089400000, 0x0000000089500000|  0%| F|  |TAMS 0x0000000089400000, 0x0000000089400000| Untracked 
|  99|0x0000000089500000, 0x0000000089500000, 0x0000000089600000|  0%| F|  |TAMS 0x0000000089500000, 0x0000000089500000| Untracked 
| 100|0x0000000089600000, 0x0000000089600000, 0x0000000089700000|  0%| F|  |TAMS 0x0000000089600000, 0x0000000089600000| Untracked 
| 101|0x0000000089700000, 0x0000000089700000, 0x0000000089800000|  0%| F|  |TAMS 0x0000000089700000, 0x0000000089700000| Untracked 
| 102|0x0000000089800000, 0x0000000089800000, 0x0000000089900000|  0%| F|  |TAMS 0x0000000089800000, 0x0000000089800000| Untracked 
| 103|0x0000000089900000, 0x0000000089900000, 0x0000000089a00000|  0%| F|  |TAMS 0x0000000089900000, 0x0000000089900000| Untracked 
| 104|0x0000000089a00000, 0x0000000089a00000, 0x0000000089b00000|  0%| F|  |TAMS 0x0000000089a00000, 0x0000000089a00000| Untracked 
| 105|0x0000000089b00000, 0x0000000089b00000, 0x0000000089c00000|  0%| F|  |TAMS 0x0000000089b00000, 0x0000000089b00000| Untracked 
| 106|0x0000000089c00000, 0x0000000089c00000, 0x0000000089d00000|  0%| F|  |TAMS 0x0000000089c00000, 0x0000000089c00000| Untracked 
| 107|0x0000000089d00000, 0x0000000089d00000, 0x0000000089e00000|  0%| F|  |TAMS 0x0000000089d00000, 0x0000000089d00000| Untracked 
| 108|0x0000000089e00000, 0x0000000089e00000, 0x0000000089f00000|  0%| F|  |TAMS 0x0000000089e00000, 0x0000000089e00000| Untracked 
| 109|0x0000000089f00000, 0x0000000089f00000, 0x000000008a000000|  0%| F|  |TAMS 0x0000000089f00000, 0x0000000089f00000| Untracked 
| 110|0x000000008a000000, 0x000000008a100000, 0x000000008a100000|100%| S|CS|TAMS 0x000000008a000000, 0x000000008a000000| Complete 
| 111|0x000000008a100000, 0x000000008a200000, 0x000000008a200000|100%| S|CS|TAMS 0x000000008a100000, 0x000000008a100000| Complete 
| 112|0x000000008a200000, 0x000000008a300000, 0x000000008a300000|100%| S|CS|TAMS 0x000000008a200000, 0x000000008a200000| Complete 
| 113|0x000000008a300000, 0x000000008a300000, 0x000000008a400000|  0%| F|  |TAMS 0x000000008a300000, 0x000000008a300000| Untracked 
| 114|0x000000008a400000, 0x000000008a400000, 0x000000008a500000|  0%| F|  |TAMS 0x000000008a400000, 0x000000008a400000| Untracked 
| 115|0x000000008a500000, 0x000000008a500000, 0x000000008a600000|  0%| F|  |TAMS 0x000000008a500000, 0x000000008a500000| Untracked 
| 116|0x000000008a600000, 0x000000008a600000, 0x000000008a700000|  0%| F|  |TAMS 0x000000008a600000, 0x000000008a600000| Untracked 
| 117|0x000000008a700000, 0x000000008a700000, 0x000000008a800000|  0%| F|  |TAMS 0x000000008a700000, 0x000000008a700000| Untracked 
| 118|0x000000008a800000, 0x000000008a800000, 0x000000008a900000|  0%| F|  |TAMS 0x000000008a800000, 0x000000008a800000| Untracked 
| 119|0x000000008a900000, 0x000000008a900000, 0x000000008aa00000|  0%| F|  |TAMS 0x000000008a900000, 0x000000008a900000| Untracked 
| 120|0x000000008aa00000, 0x000000008aa00000, 0x000000008ab00000|  0%| F|  |TAMS 0x000000008aa00000, 0x000000008aa00000| Untracked 
| 121|0x000000008ab00000, 0x000000008ab00000, 0x000000008ac00000|  0%| F|  |TAMS 0x000000008ab00000, 0x000000008ab00000| Untracked 
| 122|0x000000008ac00000, 0x000000008ac00000, 0x000000008ad00000|  0%| F|  |TAMS 0x000000008ac00000, 0x000000008ac00000| Untracked 
| 123|0x000000008ad00000, 0x000000008ad00000, 0x000000008ae00000|  0%| F|  |TAMS 0x000000008ad00000, 0x000000008ad00000| Untracked 
| 124|0x000000008ae00000, 0x000000008ae00000, 0x000000008af00000|  0%| F|  |TAMS 0x000000008ae00000, 0x000000008ae00000| Untracked 
| 125|0x000000008af00000, 0x000000008af00000, 0x000000008b000000|  0%| F|  |TAMS 0x000000008af00000, 0x000000008af00000| Untracked 

Card table byte_map: [0x0000022f4d2c0000,0x0000022f4d6b0000] _byte_map_base: 0x0000022f4cea7000

Marking Bits (Prev, Next): (CMBitMap*) 0x0000022f3a1eaf00, (CMBitMap*) 0x0000022f3a1eaf40
 Prev Bits: [0x0000022f4daa0000, 0x0000022f4f9d8000)
 Next Bits: [0x0000022f4f9e0000, 0x0000022f51918000)

Polling page: 0x0000022f38060000

Metaspace:

Usage:
  Non-class:      6.70 MB capacity,     6.69 MB (>99%) used,     3.73 KB ( <1%) free+waste,     3.50 KB ( <1%) overhead. 
      Class:    686.00 KB capacity,   671.10 KB ( 98%) used,    13.65 KB (  2%) free+waste,     1.25 KB ( <1%) overhead. 
       Both:      7.37 MB capacity,     7.35 MB (>99%) used,    17.38 KB ( <1%) free+waste,     4.75 KB ( <1%) overhead. 

Virtual space:
  Non-class space:       16.00 MB reserved,       6.75 MB ( 42%) committed 
      Class space:        1.00 GB reserved,     768.00 KB ( <1%) committed 
             Both:        1.02 GB reserved,       7.50 MB ( <1%) committed 

Chunk freelists:
   Non-Class:  52.00 KB
       Class:  18.00 KB
        Both:  70.00 KB

MaxMetaspaceSize: 17179869184.00 GB
CompressedClassSpaceSize: 1.00 GB

CodeHeap 'non-profiled nmethods': size=238336Kb used=453Kb max_used=453Kb free=237882Kb
 bounds [0x0000022f3e2e0000, 0x0000022f3e550000, 0x0000022f4cba0000]
CodeHeap 'non-nmethods': size=7424Kb used=1106Kb max_used=1106Kb free=6317Kb
 bounds [0x0000022f3dba0000, 0x0000022f3de10000, 0x0000022f3e2e0000]
 total_blobs=719 nmethods=370 adapters=277
 compilation: enabled
              stopped_count=0, restarted_count=0
 full_count=0

Compilation events (20 events):
Event: 0.288 Thread 0x0000022f54c2ca60  358  s    1       java.io.BufferedInputStream::read (49 bytes)
Event: 0.288 Thread 0x0000022f54c2ca60 nmethod 358 0x0000022f3e34e190 code [0x0000022f3e34e340, 0x0000022f3e34e5f8]
Event: 0.288 Thread 0x0000022f54c2ca60  365       1       java.io.DataInputStream::readShort (40 bytes)
Event: 0.288 Thread 0x0000022f54c2ca60 nmethod 365 0x0000022f3e34e790 code [0x0000022f3e34e940, 0x0000022f3e34eae8]
Event: 0.288 Thread 0x0000022f54c2ca60  362       1       java.io.DataInputStream::readUTF (5 bytes)
Event: 0.288 Thread 0x0000022f54c2ca60 nmethod 362 0x0000022f3e34ec10 code [0x0000022f3e34eda0, 0x0000022f3e34ee68]
Event: 0.288 Thread 0x0000022f54c2ca60  363       1       java.io.DataInputStream::readUnsignedShort (39 bytes)
Event: 0.288 Thread 0x0000022f54c2ca60 nmethod 363 0x0000022f3e34ef10 code [0x0000022f3e34f0c0, 0x0000022f3e34f248]
Event: 0.288 Thread 0x0000022f54c2ca60  356       1       java.lang.String::rangeCheck (9 bytes)
Event: 0.288 Thread 0x0000022f54c2ca60 nmethod 356 0x0000022f3e34f310 code [0x0000022f3e34f4a0, 0x0000022f3e34f568]
Event: 0.288 Thread 0x0000022f54c2ca60  361       1       java.io.BufferedInputStream::read1 (108 bytes)
Event: 0.288 Thread 0x0000022f54c2ca60 nmethod 361 0x0000022f3e34f610 code [0x0000022f3e34f800, 0x0000022f3e34fbf8]
Event: 0.288 Thread 0x0000022f54c2ca60  366       1       java.io.DataInputStream::readFully (9 bytes)
Event: 0.288 Thread 0x0000022f54c2ca60 nmethod 366 0x0000022f3e34fe10 code [0x0000022f3e34ffa0, 0x0000022f3e350088]
Event: 0.289 Thread 0x0000022f54c2ca60  367       1       java.lang.String::replace (42 bytes)
Event: 0.289 Thread 0x0000022f54c2ca60 nmethod 367 0x0000022f3e350190 code [0x0000022f3e350340, 0x0000022f3e350498]
Event: 0.289 Thread 0x0000022f54c2ca60  368       1       java.lang.invoke.MethodType::checkSlotCount (33 bytes)
Event: 0.289 Thread 0x0000022f54c2ca60 nmethod 368 0x0000022f3e350810 code [0x0000022f3e350a00, 0x0000022f3e350db8]
Event: 0.290 Thread 0x0000022f54c2ca60  370       1       java.lang.invoke.MethodType::equals (56 bytes)
Event: 0.290 Thread 0x0000022f54c2ca60 nmethod 370 0x0000022f3e350f90 code [0x0000022f3e351160, 0x0000022f3e351498]

GC Heap History (2 events):
Event: 0.290 GC heap before
{Heap before GC invocations=0 (full 0):
 garbage-first heap   total 129024K, used 11264K [0x0000000083200000, 0x0000000100000000)
  region size 1024K, 13 young (13312K), 0 survivors (0K)
 Metaspace       used 7523K, capacity 7546K, committed 7680K, reserved 1062912K
  class space    used 671K, capacity 686K, committed 768K, reserved 1048576K
}
Event: 0.293 GC heap after
{Heap after GC invocations=1 (full 0):
 garbage-first heap   total 129024K, used 5167K [0x0000000083200000, 0x0000000100000000)
  region size 1024K, 3 young (3072K), 3 survivors (3072K)
 Metaspace       used 7523K, capacity 7546K, committed 7680K, reserved 1062912K
  class space    used 671K, capacity 686K, committed 768K, reserved 1048576K
}

Deoptimization events (0 events):
No events

Classes unloaded (0 events):
No events

Classes redefined (0 events):
No events

Internal exceptions (5 events):
Event: 0.151 Thread 0x0000022f381bd370 Exception <a 'java/lang/NoSuchMethodError'{0x000000008ae7e448}: 'void java.lang.invoke.DirectMethodHandle$Holder.invokeSpecial(java.lang.Object, java.lang.Object, java.lang.Object)'> (0x000000008ae7e448) 
thrown [./open/src/hotspot/share/interpreter/linkResolver.cpp, line 782]
Event: 0.267 Thread 0x0000022f381bd370 Exception <a 'java/lang/NoSuchMethodError'{0x000000008a46f4c8}: 'java.lang.Object java.lang.invoke.DirectMethodHandle$Holder.invokeStatic(java.lang.Object)'> (0x000000008a46f4c8) 
thrown [./open/src/hotspot/share/interpreter/linkResolver.cpp, line 782]
Event: 0.268 Thread 0x0000022f381bd370 Exception <a 'java/lang/NoSuchMethodError'{0x000000008a472c18}: 'java.lang.Object java.lang.invoke.DirectMethodHandle$Holder.invokeStaticInit(java.lang.Object)'> (0x000000008a472c18) 
thrown [./open/src/hotspot/share/interpreter/linkResolver.cpp, line 782]
Event: 0.289 Thread 0x0000022f381bd370 Exception <a 'java/lang/NoSuchMethodError'{0x000000008a4b2008}: 'java.lang.Object java.lang.invoke.DirectMethodHandle$Holder.invokeInterface(java.lang.Object, java.lang.Object)'> (0x000000008a4b2008) 
thrown [./open/src/hotspot/share/interpreter/linkResolver.cpp, line 782]
Event: 0.290 Thread 0x0000022f381bd370 Exception <a 'java/lang/NoSuchMethodError'{0x000000008a4ba698}: 'java.lang.Object java.lang.invoke.DirectMethodHandle$Holder.invokeStaticInit(java.lang.Object, java.lang.Object, java.lang.Object)'> (0x000000008a4ba698) 
thrown [./open/src/hotspot/share/interpreter/linkResolver.cpp, line 782]

Events (20 events):
Event: 0.290 loading class java/text/spi/DateFormatProvider
Event: 0.290 loading class java/text/spi/DateFormatProvider done
Event: 0.290 loading class java/text/spi/DateFormatSymbolsProvider
Event: 0.290 loading class java/text/spi/DateFormatSymbolsProvider done
Event: 0.290 loading class java/text/spi/DecimalFormatSymbolsProvider
Event: 0.290 loading class java/text/spi/DecimalFormatSymbolsProvider done
Event: 0.290 loading class java/text/spi/NumberFormatProvider
Event: 0.290 loading class java/text/spi/NumberFormatProvider done
Event: 0.290 loading class java/util/spi/CurrencyNameProvider
Event: 0.290 loading class java/util/spi/CurrencyNameProvider done
Event: 0.290 loading class java/util/spi/LocaleNameProvider
Event: 0.290 loading class java/util/spi/LocaleNameProvider done
Event: 0.290 loading class java/util/spi/CalendarDataProvider
Event: 0.290 loading class java/util/spi/CalendarDataProvider done
Event: 0.290 loading class sun/util/locale/provider/TimeZoneNameUtility$TimeZoneNameGetter
Event: 0.290 loading class sun/util/locale/provider/LocaleServiceProviderPool$LocalizedObjectGetter
Event: 0.290 loading class sun/util/locale/provider/LocaleServiceProviderPool$LocalizedObjectGetter done
Event: 0.290 loading class sun/util/locale/provider/TimeZoneNameUtility$TimeZoneNameGetter done
Event: 0.290 loading class java/util/ResourceBundle$Control
Event: 0.290 Executing VM operation: CollectForMetadataAllocation


Dynamic libraries:
0x00007ff6d6400000 - 0x00007ff6d640d000 	D:\Softwares\Spring Tools Suite\spring-tool-suite-4-4.9.0.RELEASE-e4.18.0-win32.win32.x86_64.self-extracting\contents\sts-4.9.0.RELEASE\plugins\org.eclipse.justj.openjdk.hotspot.jre.full.win32.x86_64_15.0.1.v20201027-0507\jre\bin\javaw.exe
0x00007fffe60c0000 - 0x00007fffe62b0000 	C:\Windows\SYSTEM32\ntdll.dll
0x00007fffe4ad0000 - 0x00007fffe4b82000 	C:\Windows\System32\KERNEL32.DLL
0x00007fffe30d0000 - 0x00007fffe3375000 	C:\Windows\System32\KERNELBASE.dll
0x00007fffe3cf0000 - 0x00007fffe3dea000 	C:\Windows\System32\ucrtbase.dll
0x00007fffd0b60000 - 0x00007fffd0b78000 	D:\Softwares\Spring Tools Suite\spring-tool-suite-4-4.9.0.RELEASE-e4.18.0-win32.win32.x86_64.self-extracting\contents\sts-4.9.0.RELEASE\plugins\org.eclipse.justj.openjdk.hotspot.jre.full.win32.x86_64_15.0.1.v20201027-0507\jre\bin\jli.dll
0x00007fffd0c70000 - 0x00007fffd0c89000 	D:\Softwares\Spring Tools Suite\spring-tool-suite-4-4.9.0.RELEASE-e4.18.0-win32.win32.x86_64.self-extracting\contents\sts-4.9.0.RELEASE\plugins\org.eclipse.justj.openjdk.hotspot.jre.full.win32.x86_64_15.0.1.v20201027-0507\jre\bin\VCRUNTIME140.dll
0x00007fffe5ed0000 - 0x00007fffe6064000 	C:\Windows\System32\USER32.dll
0x00007fffe3540000 - 0x00007fffe3561000 	C:\Windows\System32\win32u.dll
0x00007fffe4220000 - 0x00007fffe4246000 	C:\Windows\System32\GDI32.dll
0x00007fffe3f40000 - 0x00007fffe40d8000 	C:\Windows\System32\gdi32full.dll
0x00007fffd26c0000 - 0x00007fffd2944000 	C:\Windows\WinSxS\amd64_microsoft.windows.common-controls_6595b64144ccf1df_6.0.18362.1379_none_9e7ff3b3e45cc0c4\COMCTL32.dll
0x00007fffe3380000 - 0x00007fffe341e000 	C:\Windows\System32\msvcp_win.dll
0x00007fffe4810000 - 0x00007fffe48ae000 	C:\Windows\System32\msvcrt.dll
0x00007fffe4250000 - 0x00007fffe4587000 	C:\Windows\System32\combase.dll
0x00007fffe46f0000 - 0x00007fffe480f000 	C:\Windows\System32\RPCRT4.dll
0x00007fffe3040000 - 0x00007fffe30c1000 	C:\Windows\System32\bcryptPrimitives.dll
0x00007fffe4970000 - 0x00007fffe499e000 	C:\Windows\System32\IMM32.DLL
0x00007fffd93a0000 - 0x00007fffd93ac000 	D:\Softwares\Spring Tools Suite\spring-tool-suite-4-4.9.0.RELEASE-e4.18.0-win32.win32.x86_64.self-extracting\contents\sts-4.9.0.RELEASE\plugins\org.eclipse.justj.openjdk.hotspot.jre.full.win32.x86_64_15.0.1.v20201027-0507\jre\bin\vcruntime140_1.dll
0x00007fffd06c0000 - 0x00007fffd0751000 	D:\Softwares\Spring Tools Suite\spring-tool-suite-4-4.9.0.RELEASE-e4.18.0-win32.win32.x86_64.self-extracting\contents\sts-4.9.0.RELEASE\plugins\org.eclipse.justj.openjdk.hotspot.jre.full.win32.x86_64_15.0.1.v20201027-0507\jre\bin\msvcp140.dll
0x00007fff69a40000 - 0x00007fff6a59e000 	D:\Softwares\Spring Tools Suite\spring-tool-suite-4-4.9.0.RELEASE-e4.18.0-win32.win32.x86_64.self-extracting\contents\sts-4.9.0.RELEASE\plugins\org.eclipse.justj.openjdk.hotspot.jre.full.win32.x86_64_15.0.1.v20201027-0507\jre\bin\server\jvm.dll
0x00007fffe4170000 - 0x00007fffe4213000 	C:\Windows\System32\ADVAPI32.dll
0x00007fffe4640000 - 0x00007fffe46d7000 	C:\Windows\System32\sechost.dll
0x00007fffe46e0000 - 0x00007fffe46e8000 	C:\Windows\System32\PSAPI.DLL
0x00007fffcbc70000 - 0x00007fffcbc79000 	C:\Windows\SYSTEM32\WSOCK32.dll
0x00007fffe56f0000 - 0x00007fffe575f000 	C:\Windows\System32\WS2_32.dll
0x00007fffdc600000 - 0x00007fffdc624000 	C:\Windows\SYSTEM32\WINMM.dll
0x00007fffd9df0000 - 0x00007fffd9dfa000 	C:\Windows\SYSTEM32\VERSION.dll
0x00007fffdc370000 - 0x00007fffdc39d000 	C:\Windows\SYSTEM32\winmmbase.dll
0x00007fffe34d0000 - 0x00007fffe351a000 	C:\Windows\System32\cfgmgr32.dll
0x00007fffe2f80000 - 0x00007fffe2f91000 	C:\Windows\System32\kernel.appcore.dll
0x00007fffdc120000 - 0x00007fffdc12a000 	D:\Softwares\Spring Tools Suite\spring-tool-suite-4-4.9.0.RELEASE-e4.18.0-win32.win32.x86_64.self-extracting\contents\sts-4.9.0.RELEASE\plugins\org.eclipse.justj.openjdk.hotspot.jre.full.win32.x86_64_15.0.1.v20201027-0507\jre\bin\jimage.dll
0x00007fffde7e0000 - 0x00007fffde9d4000 	C:\Windows\SYSTEM32\DBGHELP.DLL
0x00007fffc1370000 - 0x00007fffc139a000 	C:\Windows\SYSTEM32\dbgcore.DLL
0x00007fffdc0f0000 - 0x00007fffdc115000 	D:\Softwares\Spring Tools Suite\spring-tool-suite-4-4.9.0.RELEASE-e4.18.0-win32.win32.x86_64.self-extracting\contents\sts-4.9.0.RELEASE\plugins\org.eclipse.justj.openjdk.hotspot.jre.full.win32.x86_64_15.0.1.v20201027-0507\jre\bin\java.dll
0x00007fffdc0d0000 - 0x00007fffdc0e8000 	D:\Softwares\Spring Tools Suite\spring-tool-suite-4-4.9.0.RELEASE-e4.18.0-win32.win32.x86_64.self-extracting\contents\sts-4.9.0.RELEASE\plugins\org.eclipse.justj.openjdk.hotspot.jre.full.win32.x86_64_15.0.1.v20201027-0507\jre\bin\zip.dll
0x00007fffe5000000 - 0x00007fffe56e8000 	C:\Windows\System32\SHELL32.dll
0x00007fffe4590000 - 0x00007fffe4637000 	C:\Windows\System32\shcore.dll
0x00007fffe3570000 - 0x00007fffe3ceb000 	C:\Windows\System32\windows.storage.dll
0x00007fffe2fa0000 - 0x00007fffe2fc3000 	C:\Windows\System32\profapi.dll
0x00007fffe2ff0000 - 0x00007fffe303a000 	C:\Windows\System32\powrprof.dll
0x00007fffe2f70000 - 0x00007fffe2f80000 	C:\Windows\System32\UMPDC.dll
0x00007fffe4a70000 - 0x00007fffe4ac2000 	C:\Windows\System32\shlwapi.dll
0x00007fffe3520000 - 0x00007fffe3537000 	C:\Windows\System32\cryptsp.dll
0x00007fffd23b0000 - 0x00007fffd23c9000 	D:\Softwares\Spring Tools Suite\spring-tool-suite-4-4.9.0.RELEASE-e4.18.0-win32.win32.x86_64.self-extracting\contents\sts-4.9.0.RELEASE\plugins\org.eclipse.justj.openjdk.hotspot.jre.full.win32.x86_64_15.0.1.v20201027-0507\jre\bin\net.dll
0x00007fffdbe10000 - 0x00007fffdbf00000 	C:\Windows\SYSTEM32\WINHTTP.dll
0x00007fffe27b0000 - 0x00007fffe2817000 	C:\Windows\system32\mswsock.dll
0x00007fffd0dd0000 - 0x00007fffd0de2000 	D:\Softwares\Spring Tools Suite\spring-tool-suite-4-4.9.0.RELEASE-e4.18.0-win32.win32.x86_64.self-extracting\contents\sts-4.9.0.RELEASE\plugins\org.eclipse.justj.openjdk.hotspot.jre.full.win32.x86_64_15.0.1.v20201027-0507\jre\bin\nio.dll
0x00007fffd26a0000 - 0x00007fffd26a9000 	D:\Softwares\Spring Tools Suite\spring-tool-suite-4-4.9.0.RELEASE-e4.18.0-win32.win32.x86_64.self-extracting\contents\sts-4.9.0.RELEASE\plugins\org.eclipse.justj.openjdk.hotspot.jre.full.win32.x86_64_15.0.1.v20201027-0507\jre\bin\management.dll
0x00007fffd23a0000 - 0x00007fffd23ab000 	D:\Softwares\Spring Tools Suite\spring-tool-suite-4-4.9.0.RELEASE-e4.18.0-win32.win32.x86_64.self-extracting\contents\sts-4.9.0.RELEASE\plugins\org.eclipse.justj.openjdk.hotspot.jre.full.win32.x86_64_15.0.1.v20201027-0507\jre\bin\management_ext.dll

dbghelp: loaded successfully - version: 4.0.5 - missing functions: none
symbol engine: initialized successfully - sym options: 0x614 - pdb path: .;D:\Softwares\Spring Tools Suite\spring-tool-suite-4-4.9.0.RELEASE-e4.18.0-win32.win32.x86_64.self-extracting\contents\sts-4.9.0.RELEASE\plugins\org.eclipse.justj.openjdk.hotspot.jre.full.win32.x86_64_15.0.1.v20201027-0507\jre\bin;C:\Windows\SYSTEM32;C:\Windows\WinSxS\amd64_microsoft.windows.common-controls_6595b64144ccf1df_6.0.18362.1379_none_9e7ff3b3e45cc0c4;D:\Softwares\Spring Tools Suite\spring-tool-suite-4-4.9.0.RELEASE-e4.18.0-win32.win32.x86_64.self-extracting\contents\sts-4.9.0.RELEASE\plugins\org.eclipse.justj.openjdk.hotspot.jre.full.win32.x86_64_15.0.1.v20201027-0507\jre\bin\server

VM Arguments:
jvm_args: -Dcom.sun.management.jmxremote -Dcom.sun.management.jmxremote.port=51457 -Dcom.sun.management.jmxremote.authenticate=false -Dcom.sun.management.jmxremote.ssl=false -Djava.rmi.server.hostname=localhost -Dspring.jmx.enabled=true -Dspring.application.admin.enabled=true -XX:TieredStopAtLevel=1 -Dspring.boot.project.name=Worker-service -Dfile.encoding=UTF-8 -XX:+ShowCodeDetailsInExceptionMessages 
java_command: com.tushaar.assignment.worker.WorkerServiceApplication --spring.output.ansi.enabled=always
java_class_path (initial): D:\Projects\JAVA\Assignment\Worker Service\Worker-service\target\classes;C:\Users\tushaar\.m2\repository\io\opentracing\contrib\opentracing-spring-jaeger-web-starter\1.0.3\opentracing-spring-jaeger-web-starter-1.0.3.jar;C:\Users\tushaar\.m2\repository\io\opentracing\contrib\opentracing-spring-jaeger-starter\1.0.3\opentracing-spring-jaeger-starter-1.0.3.jar;C:\Users\tushaar\.m2\repository\io\opentracing\contrib\opentracing-spring-tracer-configuration-starter\0.1.0\opentracing-spring-tracer-configuration-starter-0.1.0.jar;C:\Users\tushaar\.m2\repository\io\opentracing\opentracing-noop\0.31.0\opentracing-noop-0.31.0.jar;C:\Users\tushaar\.m2\repository\io\opentracing\opentracing-util\0.31.0\opentracing-util-0.31.0.jar;C:\Users\tushaar\.m2\repository\io\opentracing\opentracing-api\0.31.0\opentracing-api-0.31.0.jar;C:\Users\tushaar\.m2\repository\io\jaegertracing\jaeger-client\0.32.0\jaeger-client-0.32.0.jar;C:\Users\tushaar\.m2\repository\io\jaegertracing\jaeger-thrift\0.32.0\jaeger-thrift-0.32.0.jar;C:\Users\tushaar\.m2\repository\org\apache\thrift\libthrift\0.11.0\libthrift-0.11.0.jar;C:\Users\tushaar\.m2\repository\com\squareup\okhttp3\okhttp\3.14.9\okhttp-3.14.9.jar;C:\Users\tushaar\.m2\repository\com\squareup\okio\okio\1.17.2\okio-1.17.2.jar;C:\Users\tushaar\.m2\repository\io\jaegertracing\jaeger-core\0.32.0\jaeger-core-0.32.0.jar;C:\Users\tushaar\.m2\repository\com\google\code\gson\gson\2.8.6\gson-2.8.6.jar;C:\Users\tushaar\.m2\repository\io\jaegertracing\jaeger-tracerresolver\0.32.0\jaeger-tracerresolver-0.32.0.jar;C:\Users\tushaar\.m2\repository\io\opentracing\contrib\opentracing-spring-web-starter\1.0.1\opentracing-spring-web-starter-1.0.1.jar;C:\Users\tushaar\.m2\repository\io\opentracing\contrib\opentracing-spring-web\1.0.1\opentracing-spring-web-1.0.1.jar;C:\Users\tushaar\.m2\repository\io\opentracing\contrib\opentracing-web-servlet-filter\0.2.0\opentracing-web-servlet-filter-0.2.0.jar;C:\Users\tushaar\.m2\repository\io\opentracin
Launcher Type: SUN_STANDARD

[Global flags]
     intx CICompilerCount                          = 4                                         {product} {ergonomic}
     uint ConcGCThreads                            = 2                                         {product} {ergonomic}
     uint G1ConcRefinementThreads                  = 8                                         {product} {ergonomic}
   size_t G1HeapRegionSize                         = 1048576                                   {product} {ergonomic}
    uintx GCDrainStackTargetSize                   = 64                                        {product} {ergonomic}
   size_t InitialHeapSize                          = 132120576                                 {product} {ergonomic}
     bool ManagementServer                         = true                                      {product} {command line}
   size_t MarkStackSize                            = 4194304                                   {product} {ergonomic}
   size_t MaxHeapSize                              = 2095054848                                {product} {ergonomic}
   size_t MaxNewSize                               = 1256194048                                {product} {ergonomic}
   size_t MinHeapDeltaBytes                        = 1048576                                   {product} {ergonomic}
   size_t MinHeapSize                              = 8388608                                   {product} {ergonomic}
    uintx NonNMethodCodeHeapSize                   = 7549744                                {pd product} {ergonomic}
    uintx NonProfiledCodeHeapSize                  = 244108496                              {pd product} {ergonomic}
    uintx ProfiledCodeHeapSize                     = 0                                      {pd product} {ergonomic}
    uintx ReservedCodeCacheSize                    = 251658240                              {pd product} {ergonomic}
     bool SegmentedCodeCache                       = true                                      {product} {ergonomic}
     bool ShowCodeDetailsInExceptionMessages       = true                                   {manageable} {command line}
   size_t SoftMaxHeapSize                          = 2095054848                             {manageable} {ergonomic}
     intx TieredStopAtLevel                        = 1                                         {product} {command line}
     bool UseCompressedClassPointers               = true                                 {lp64_product} {ergonomic}
     bool UseCompressedOops                        = true                                 {lp64_product} {ergonomic}
     bool UseG1GC                                  = true                                      {product} {ergonomic}
     bool UseLargePagesIndividualAllocation        = false                                  {pd product} {ergonomic}

Logging:
Log output configuration:
 #0: stdout all=warning uptime,level,tags
 #1: stderr all=off uptime,level,tags

Environment Variables:
PATH=D:/Softwares/Spring Tools Suite/spring-tool-suite-4-4.9.0.RELEASE-e4.18.0-win32.win32.x86_64.self-extracting/contents/sts-4.9.0.RELEASE//plugins/org.eclipse.justj.openjdk.hotspot.jre.full.win32.x86_64_15.0.1.v20201027-0507/jre/bin/server;D:/Softwares/Spring Tools Suite/spring-tool-suite-4-4.9.0.RELEASE-e4.18.0-win32.win32.x86_64.self-extracting/contents/sts-4.9.0.RELEASE//plugins/org.eclipse.justj.openjdk.hotspot.jre.full.win32.x86_64_15.0.1.v20201027-0507/jre/bin;C:\Program Files (x86)\Common Files\Oracle\Java\javapath;C:\Python39\Scripts\;C:\Python39\;C:\Windows\system32;C:\Windows;C:\Windows\System32\Wbem;C:\Windows\System32\WindowsPowerShell\v1.0\;C:\Windows\System32\OpenSSH\;C:\Program Files (x86)\NVIDIA Corporation\PhysX\Common;C:\Program Files\Git\cmd;C:\Program Files\nodejs\;C:\ProgramData\chocolatey\bin;;C:\Program Files\Docker\Docker\resources\bin;C:\ProgramData\DockerDesktop\version-bin;C:\Softwares\Flutter\bin;C:\Program Files\mingw-w64\x86_64-8.1.0-posix-seh-rt_v6-rev0\mingw64\bin;C:\Users\tusha\AppData\Local\Programs\Microsoft VS Code\bin;C:\Users\tusha\AppData\Roaming\npm;D:\Softwares\Spring Tools Suite\spring-tool-suite-4-4.9.0.RELEASE-e4.18.0-win32.win32.x86_64.self-extracting\contents\sts-4.9.0.RELEASE;
USERNAME=tushaar
OS=Windows_NT
PROCESSOR_IDENTIFIER=Intel64 Family 6 Model 142 Stepping 12, GenuineIntel



---------------  S Y S T E M  ---------------

OS:
 Windows 10 , 64 bit Build 18362 (10.0.18362.1350)
OS uptime: 0 days 0:34 hours
HyperV virtualization detected

CPU: total 8 (initial active 8) (4 cores per cpu, 2 threads per core) family 6 model 142 stepping 12 microcode 0xca, cmov, cx8, fxsr, mmx, sse, sse2, sse3, ssse3, sse4.1, sse4.2, popcnt, vzeroupper, avx, avx2, aes, clmul, erms, 3dnowpref, lzcnt, ht, tsc, tscinvbit, bmi1, bmi2, adx, fma, clflush, clflushopt

Memory: 4k page, system-wide physical 7990M (273M free)
TotalPageFile size 19657M (AvailPageFile size 0M)
current process WorkingSet (physical memory assigned to process): 52M, peak: 52M
current process commit charge ("private bytes"): 207M, peak: 208M

vm_info: OpenJDK 64-Bit Server VM (15.0.1+9-18) for windows-amd64 JRE (15.0.1+9-18), built on Sep 15 2020 14:39:31 by "mach5one" with unknown MS VC++:1925

END.
